<?xml version="1.0" encoding="UTF-8"?>
<!-- Generated by org.testng.reporters.JUnitReportReporter -->
<testsuite hostname="retina.dellroad.org" name="org.dellroad.msrp.msg.MsrpMessageParseTest" tests="4" failures="0" timestamp="15 Jan 2015 23:12:51 GMT" time="0.019" errors="0">
  <testcase name="testValid" time="0.008" classname="org.dellroad.msrp.msg.MsrpMessageParseTest"/>
  <testcase name="testInvalid" time="0.003" classname="org.dellroad.msrp.msg.MsrpMessageParseTest"/>
  <testcase name="testInvalid" time="0.003" classname="org.dellroad.msrp.msg.MsrpMessageParseTest"/>
  <testcase name="testInvalid" time="0.005" classname="org.dellroad.msrp.msg.MsrpMessageParseTest"/>
</testsuite> <!-- org.dellroad.msrp.msg.MsrpMessageParseTest -->
